[INFO] 2017-11-27 09:51:55,522 org.springframework.test.context.web.WebTestContextBootstrapper getDefaultTestExecutionListenerClassNames - Loaded default TestExecutionListener class names from location [META-INF/spring.factories]: [org.springframework.test.context.web.ServletTestExecutionListener, org.springframework.test.context.support.DirtiesContextBeforeModesTestExecutionListener, org.springframework.test.context.support.DependencyInjectionTestExecutionListener, org.springframework.test.context.support.DirtiesContextTestExecutionListener, org.springframework.test.context.transaction.TransactionalTestExecutionListener, org.springframework.test.context.jdbc.SqlScriptsTestExecutionListener]
[INFO] 2017-11-27 09:51:55,543 org.springframework.test.context.web.WebTestContextBootstrapper getTestExecutionListeners - Using TestExecutionListeners: [org.springframework.test.context.web.ServletTestExecutionListener@26653222, org.springframework.test.context.support.DirtiesContextBeforeModesTestExecutionListener@3532ec19, org.springframework.test.context.support.DependencyInjectionTestExecutionListener@68c4039c, org.springframework.test.context.support.DirtiesContextTestExecutionListener@ae45eb6, org.springframework.test.context.transaction.TransactionalTestExecutionListener@59f99ea, org.springframework.test.context.jdbc.SqlScriptsTestExecutionListener@27efef64]
[INFO] 2017-11-27 09:51:55,743 org.springframework.web.context.support.GenericWebApplicationContext prepareRefresh - Refreshing org.springframework.web.context.support.GenericWebApplicationContext@544fe44c: startup date [Mon Nov 27 09:51:55 CET 2017]; root of context hierarchy
[INFO] 2017-11-27 09:51:56,261 org.springframework.beans.factory.annotation.AutowiredAnnotationBeanPostProcessor <init> - JSR-330 'javax.inject.Inject' annotation found and supported for autowiring
[INFO] 2017-11-27 09:51:56,428 org.springframework.jdbc.datasource.DriverManagerDataSource setDriverClassName - Loaded JDBC driver: org.postgresql.Driver
[INFO] 2017-11-27 09:51:56,497 org.springframework.orm.jpa.LocalContainerEntityManagerFactoryBean createNativeEntityManagerFactory - Building JPA container EntityManagerFactory for persistence unit 'default'
[INFO] 2017-11-27 09:51:56,635 org.hibernate.annotations.common.Version <clinit> - HCANN000001: Hibernate Commons Annotations {4.0.2.Final}
[INFO] 2017-11-27 09:51:56,640 org.hibernate.Version logVersion - HHH000412: Hibernate Core {4.2.6.Final}
[INFO] 2017-11-27 09:51:56,642 org.hibernate.cfg.Environment <clinit> - HHH000206: hibernate.properties not found
[INFO] 2017-11-27 09:51:56,644 org.hibernate.cfg.Environment buildBytecodeProvider - HHH000021: Bytecode provider name : javassist
[INFO] 2017-11-27 09:51:56,663 org.hibernate.ejb.Ejb3Configuration configure - HHH000204: Processing PersistenceUnitInfo [
	name: default
	...]
[INFO] 2017-11-27 09:51:56,745 org.hibernate.service.jdbc.connections.internal.ConnectionProviderInitiator instantiateExplicitConnectionProvider - HHH000130: Instantiating explicit connection provider: org.hibernate.ejb.connection.InjectedDataSourceConnectionProvider
[INFO] 2017-11-27 09:51:57,011 org.hibernate.dialect.Dialect <init> - HHH000400: Using dialect: org.hibernate.dialect.PostgreSQLDialect
[INFO] 2017-11-27 09:51:57,025 org.hibernate.engine.jdbc.internal.LobCreatorBuilder useContextualLobCreation - HHH000424: Disabling contextual LOB creation as createClob() method threw error : java.lang.reflect.InvocationTargetException
[INFO] 2017-11-27 09:51:57,130 org.hibernate.engine.transaction.internal.TransactionFactoryInitiator initiateService - HHH000268: Transaction strategy: org.hibernate.engine.transaction.internal.jdbc.JdbcTransactionFactory
[INFO] 2017-11-27 09:51:57,135 org.hibernate.hql.internal.ast.ASTQueryTranslatorFactory <init> - HHH000397: Using ASTQueryTranslatorFactory
[INFO] 2017-11-27 09:51:57,344 org.hibernate.tool.hbm2ddl.SchemaExport execute - HHH000227: Running hbm2ddl schema export
[INFO] 2017-11-27 09:51:57,467 org.hibernate.tool.hbm2ddl.SchemaExport execute - HHH000230: Schema export complete
[INFO] 2017-11-27 09:51:58,428 org.springframework.web.servlet.mvc.method.annotation.RequestMappingHandlerAdapter initControllerAdviceCache - Looking for @ControllerAdvice: org.springframework.web.context.support.GenericWebApplicationContext@544fe44c: startup date [Mon Nov 27 09:51:55 CET 2017]; root of context hierarchy
[INFO] 2017-11-27 09:51:58,544 org.springframework.web.servlet.mvc.method.annotation.RequestMappingHandlerMapping register - Mapped "{[/articles],methods=[GET]}" onto public org.tux.entites.Article org.tux.controller.ArticleController.getArticle()
[INFO] 2017-11-27 09:51:59,025 org.springframework.web.context.support.GenericWebApplicationContext doClose - Closing org.springframework.web.context.support.GenericWebApplicationContext@544fe44c: startup date [Mon Nov 27 09:51:55 CET 2017]; root of context hierarchy
[INFO] 2017-11-27 09:51:59,028 org.springframework.orm.jpa.LocalContainerEntityManagerFactoryBean destroy - Closing JPA EntityManagerFactory for persistence unit 'default'
